running develop
running egg_info
writing darm.egg-info/PKG-INFO
writing dependency_links to darm.egg-info/dependency_links.txt
writing entry points to darm.egg-info/entry_points.txt
writing requirements to darm.egg-info/requires.txt
writing top-level names to darm.egg-info/top_level.txt
reading manifest file 'darm.egg-info/SOURCES.txt'
writing manifest file 'darm.egg-info/SOURCES.txt'
running build_ext
Creating /home/akshay/iiit_ws/install/darm/lib/python3.10/site-packages/darm.egg-link (link to .)

Installed /home/akshay/iiit_ws/build/darm
running symlink_data
creating /home/akshay/iiit_ws/install/darm/share/darm/models
creating /home/akshay/iiit_ws/install/darm/share/darm/models/OakD-Lite
symbolically linking /home/akshay/iiit_ws/build/darm/models/OakD-Lite/model.sdf -> /home/akshay/iiit_ws/install/darm/share/darm/models/OakD-Lite
symbolically linking /home/akshay/iiit_ws/build/darm/models/OakD-Lite/LICENSE -> /home/akshay/iiit_ws/install/darm/share/darm/models/OakD-Lite
symbolically linking /home/akshay/iiit_ws/build/darm/models/OakD-Lite/model.config -> /home/akshay/iiit_ws/install/darm/share/darm/models/OakD-Lite
creating /home/akshay/iiit_ws/install/darm/share/darm/models/OakD-Lite/meshes
symbolically linking /home/akshay/iiit_ws/build/darm/models/OakD-Lite/meshes/OakDLite.dae -> /home/akshay/iiit_ws/install/darm/share/darm/models/OakD-Lite/meshes
creating /home/akshay/iiit_ws/install/darm/share/darm/models/OakD-Lite/thumbnails
symbolically linking /home/akshay/iiit_ws/build/darm/models/OakD-Lite/thumbnails/2.png -> /home/akshay/iiit_ws/install/darm/share/darm/models/OakD-Lite/thumbnails
symbolically linking /home/akshay/iiit_ws/build/darm/models/OakD-Lite/thumbnails/3.png -> /home/akshay/iiit_ws/install/darm/share/darm/models/OakD-Lite/thumbnails
symbolically linking /home/akshay/iiit_ws/build/darm/models/OakD-Lite/thumbnails/4.png -> /home/akshay/iiit_ws/install/darm/share/darm/models/OakD-Lite/thumbnails
symbolically linking /home/akshay/iiit_ws/build/darm/models/OakD-Lite/thumbnails/5.png -> /home/akshay/iiit_ws/install/darm/share/darm/models/OakD-Lite/thumbnails
symbolically linking /home/akshay/iiit_ws/build/darm/models/OakD-Lite/thumbnails/1.png -> /home/akshay/iiit_ws/install/darm/share/darm/models/OakD-Lite/thumbnails
creating /home/akshay/iiit_ws/install/darm/share/darm/models/lawnmower
symbolically linking /home/akshay/iiit_ws/build/darm/models/lawnmower/model.sdf -> /home/akshay/iiit_ws/install/darm/share/darm/models/lawnmower
symbolically linking /home/akshay/iiit_ws/build/darm/models/lawnmower/model.config -> /home/akshay/iiit_ws/install/darm/share/darm/models/lawnmower
creating /home/akshay/iiit_ws/install/darm/share/darm/models/lawnmower/meshes
symbolically linking /home/akshay/iiit_ws/build/darm/models/lawnmower/meshes/wheel_link.STL -> /home/akshay/iiit_ws/install/darm/share/darm/models/lawnmower/meshes
creating /home/akshay/iiit_ws/install/darm/share/darm/models/spacecraft_2d
symbolically linking /home/akshay/iiit_ws/build/darm/models/spacecraft_2d/model.sdf -> /home/akshay/iiit_ws/install/darm/share/darm/models/spacecraft_2d
creating /home/akshay/iiit_ws/install/darm/share/darm/models/tiltrotor
symbolically linking /home/akshay/iiit_ws/build/darm/models/tiltrotor/model.sdf -> /home/akshay/iiit_ws/install/darm/share/darm/models/tiltrotor
symbolically linking /home/akshay/iiit_ws/build/darm/models/tiltrotor/model.config -> /home/akshay/iiit_ws/install/darm/share/darm/models/tiltrotor
creating /home/akshay/iiit_ws/install/darm/share/darm/models/airspeed
symbolically linking /home/akshay/iiit_ws/build/darm/models/airspeed/model.sdf -> /home/akshay/iiit_ws/install/darm/share/darm/models/airspeed
symbolically linking /home/akshay/iiit_ws/build/darm/models/airspeed/model.config -> /home/akshay/iiit_ws/install/darm/share/darm/models/airspeed
creating /home/akshay/iiit_ws/install/darm/share/darm/models/LW20
symbolically linking /home/akshay/iiit_ws/build/darm/models/LW20/model.sdf -> /home/akshay/iiit_ws/install/darm/share/darm/models/LW20
symbolically linking /home/akshay/iiit_ws/build/darm/models/LW20/model.config -> /home/akshay/iiit_ws/install/darm/share/darm/models/LW20
creating /home/akshay/iiit_ws/install/darm/share/darm/models/LW20/meshes
symbolically linking /home/akshay/iiit_ws/build/darm/models/LW20/meshes/LW20.dae -> /home/akshay/iiit_ws/install/darm/share/darm/models/LW20/meshes
creating /home/akshay/iiit_ws/install/darm/share/darm/models/gimbal
symbolically linking /home/akshay/iiit_ws/build/darm/models/gimbal/model.sdf -> /home/akshay/iiit_ws/install/darm/share/darm/models/gimbal
symbolically linking /home/akshay/iiit_ws/build/darm/models/gimbal/model.config -> /home/akshay/iiit_ws/install/darm/share/darm/models/gimbal
creating /home/akshay/iiit_ws/install/darm/share/darm/models/gimbal/meshes
symbolically linking /home/akshay/iiit_ws/build/darm/models/gimbal/meshes/cgo3_horizontal_arm_remeshed_v1.stl -> /home/akshay/iiit_ws/install/darm/share/darm/models/gimbal/meshes
symbolically linking /home/akshay/iiit_ws/build/darm/models/gimbal/meshes/cgo3_mount_remeshed_v1.stl -> /home/akshay/iiit_ws/install/darm/share/darm/models/gimbal/meshes
symbolically linking /home/akshay/iiit_ws/build/darm/models/gimbal/meshes/cgo3_camera_remeshed_v1.stl -> /home/akshay/iiit_ws/install/darm/share/darm/models/gimbal/meshes
symbolically linking /home/akshay/iiit_ws/build/darm/models/gimbal/meshes/cgo3_vertical_arm_remeshed_v1.stl -> /home/akshay/iiit_ws/install/darm/share/darm/models/gimbal/meshes
creating /home/akshay/iiit_ws/install/darm/share/darm/models/rc_cessna
symbolically linking /home/akshay/iiit_ws/build/darm/models/rc_cessna/model.sdf -> /home/akshay/iiit_ws/install/darm/share/darm/models/rc_cessna
symbolically linking /home/akshay/iiit_ws/build/darm/models/rc_cessna/model.config -> /home/akshay/iiit_ws/install/darm/share/darm/models/rc_cessna
creating /home/akshay/iiit_ws/install/darm/share/darm/models/rc_cessna/meshes
symbolically linking /home/akshay/iiit_ws/build/darm/models/rc_cessna/meshes/iris_prop_ccw.dae -> /home/akshay/iiit_ws/install/darm/share/darm/models/rc_cessna/meshes
symbolically linking /home/akshay/iiit_ws/build/darm/models/rc_cessna/meshes/rudder.dae -> /home/akshay/iiit_ws/install/darm/share/darm/models/rc_cessna/meshes
symbolically linking /home/akshay/iiit_ws/build/darm/models/rc_cessna/meshes/left_aileron.dae -> /home/akshay/iiit_ws/install/darm/share/darm/models/rc_cessna/meshes
symbolically linking /home/akshay/iiit_ws/build/darm/models/rc_cessna/meshes/propeller_ccw.dae -> /home/akshay/iiit_ws/install/darm/share/darm/models/rc_cessna/meshes
symbolically linking /home/akshay/iiit_ws/build/darm/models/rc_cessna/meshes/right_flap.dae -> /home/akshay/iiit_ws/install/darm/share/darm/models/rc_cessna/meshes
symbolically linking /home/akshay/iiit_ws/build/darm/models/rc_cessna/meshes/right_aileron.dae -> /home/akshay/iiit_ws/install/darm/share/darm/models/rc_cessna/meshes
symbolically linking /home/akshay/iiit_ws/build/darm/models/rc_cessna/meshes/elevators.dae -> /home/akshay/iiit_ws/install/darm/share/darm/models/rc_cessna/meshes
symbolically linking /home/akshay/iiit_ws/build/darm/models/rc_cessna/meshes/left_flap.dae -> /home/akshay/iiit_ws/install/darm/share/darm/models/rc_cessna/meshes
symbolically linking /home/akshay/iiit_ws/build/darm/models/rc_cessna/meshes/body.dae -> /home/akshay/iiit_ws/install/darm/share/darm/models/rc_cessna/meshes
symbolically linking /home/akshay/iiit_ws/build/darm/models/rc_cessna/meshes/propeller_cw.dae -> /home/akshay/iiit_ws/install/darm/share/darm/models/rc_cessna/meshes
symbolically linking /home/akshay/iiit_ws/build/darm/models/rc_cessna/meshes/iris_prop_cw.dae -> /home/akshay/iiit_ws/install/darm/share/darm/models/rc_cessna/meshes
creating /home/akshay/iiit_ws/install/darm/share/darm/models/r1_rover
symbolically linking /home/akshay/iiit_ws/build/darm/models/r1_rover/model.sdf -> /home/akshay/iiit_ws/install/darm/share/darm/models/r1_rover
symbolically linking /home/akshay/iiit_ws/build/darm/models/r1_rover/model.config -> /home/akshay/iiit_ws/install/darm/share/darm/models/r1_rover
creating /home/akshay/iiit_ws/install/darm/share/darm/models/r1_rover/meshes
symbolically linking /home/akshay/iiit_ws/build/darm/models/r1_rover/meshes/battery_link.STL -> /home/akshay/iiit_ws/install/darm/share/darm/models/r1_rover/meshes
symbolically linking /home/akshay/iiit_ws/build/darm/models/r1_rover/meshes/antenna_link.STL -> /home/akshay/iiit_ws/install/darm/share/darm/models/r1_rover/meshes
symbolically linking /home/akshay/iiit_ws/build/darm/models/r1_rover/meshes/chassis_link.STL -> /home/akshay/iiit_ws/install/darm/share/darm/models/r1_rover/meshes
symbolically linking /home/akshay/iiit_ws/build/darm/models/r1_rover/meshes/wheel_link_simple.STL -> /home/akshay/iiit_ws/install/darm/share/darm/models/r1_rover/meshes
symbolically linking /home/akshay/iiit_ws/build/darm/models/r1_rover/meshes/housing_link.STL -> /home/akshay/iiit_ws/install/darm/share/darm/models/r1_rover/meshes
symbolically linking /home/akshay/iiit_ws/build/darm/models/r1_rover/meshes/top_link.STL -> /home/akshay/iiit_ws/install/darm/share/darm/models/r1_rover/meshes
symbolically linking /home/akshay/iiit_ws/build/darm/models/r1_rover/meshes/wheel_link.STL -> /home/akshay/iiit_ws/install/darm/share/darm/models/r1_rover/meshes
creating /home/akshay/iiit_ws/install/darm/share/darm/models/x500_lidar_2d
symbolically linking /home/akshay/iiit_ws/build/darm/models/x500_lidar_2d/model.sdf -> /home/akshay/iiit_ws/install/darm/share/darm/models/x500_lidar_2d
symbolically linking /home/akshay/iiit_ws/build/darm/models/x500_lidar_2d/model.config -> /home/akshay/iiit_ws/install/darm/share/darm/models/x500_lidar_2d
creating /home/akshay/iiit_ws/install/darm/share/darm/models/optical_flow
symbolically linking /home/akshay/iiit_ws/build/darm/models/optical_flow/model.sdf -> /home/akshay/iiit_ws/install/darm/share/darm/models/optical_flow
symbolically linking /home/akshay/iiit_ws/build/darm/models/optical_flow/model.config -> /home/akshay/iiit_ws/install/darm/share/darm/models/optical_flow
creating /home/akshay/iiit_ws/install/darm/share/darm/models/x500_mono_cam_down
symbolically linking /home/akshay/iiit_ws/build/darm/models/x500_mono_cam_down/model.sdf -> /home/akshay/iiit_ws/install/darm/share/darm/models/x500_mono_cam_down
symbolically linking /home/akshay/iiit_ws/build/darm/models/x500_mono_cam_down/model.config -> /home/akshay/iiit_ws/install/darm/share/darm/models/x500_mono_cam_down
creating /home/akshay/iiit_ws/install/darm/share/darm/models/x500_gimbal
symbolically linking /home/akshay/iiit_ws/build/darm/models/x500_gimbal/model.sdf -> /home/akshay/iiit_ws/install/darm/share/darm/models/x500_gimbal
symbolically linking /home/akshay/iiit_ws/build/darm/models/x500_gimbal/model.config -> /home/akshay/iiit_ws/install/darm/share/darm/models/x500_gimbal
creating /home/akshay/iiit_ws/install/darm/share/darm/models/moving_platform
symbolically linking /home/akshay/iiit_ws/build/darm/models/moving_platform/model.sdf -> /home/akshay/iiit_ws/install/darm/share/darm/models/moving_platform
symbolically linking /home/akshay/iiit_ws/build/darm/models/moving_platform/model.config -> /home/akshay/iiit_ws/install/darm/share/darm/models/moving_platform
creating /home/akshay/iiit_ws/install/darm/share/darm/models/standard_vtol
symbolically linking /home/akshay/iiit_ws/build/darm/models/standard_vtol/model.sdf -> /home/akshay/iiit_ws/install/darm/share/darm/models/standard_vtol
symbolically linking /home/akshay/iiit_ws/build/darm/models/standard_vtol/model.config -> /home/akshay/iiit_ws/install/darm/share/darm/models/standard_vtol
creating /home/akshay/iiit_ws/install/darm/share/darm/models/standard_vtol/meshes
symbolically linking /home/akshay/iiit_ws/build/darm/models/standard_vtol/meshes/iris_prop_ccw.dae -> /home/akshay/iiit_ws/install/darm/share/darm/models/standard_vtol/meshes
symbolically linking /home/akshay/iiit_ws/build/darm/models/standard_vtol/meshes/x8_elevon_right.dae -> /home/akshay/iiit_ws/install/darm/share/darm/models/standard_vtol/meshes
symbolically linking /home/akshay/iiit_ws/build/darm/models/standard_vtol/meshes/x8_wing.dae -> /home/akshay/iiit_ws/install/darm/share/darm/models/standard_vtol/meshes
symbolically linking /home/akshay/iiit_ws/build/darm/models/standard_vtol/meshes/iris_prop_cw.dae -> /home/akshay/iiit_ws/install/darm/share/darm/models/standard_vtol/meshes
symbolically linking /home/akshay/iiit_ws/build/darm/models/standard_vtol/meshes/x8_elevon_left.dae -> /home/akshay/iiit_ws/install/darm/share/darm/models/standard_vtol/meshes
creating /home/akshay/iiit_ws/install/darm/share/darm/models/px4vision
symbolically linking /home/akshay/iiit_ws/build/darm/models/px4vision/model.sdf -> /home/akshay/iiit_ws/install/darm/share/darm/models/px4vision
symbolically linking /home/akshay/iiit_ws/build/darm/models/px4vision/model.config -> /home/akshay/iiit_ws/install/darm/share/darm/models/px4vision
creating /home/akshay/iiit_ws/install/darm/share/darm/models/px4vision/meshes
symbolically linking /home/akshay/iiit_ws/build/darm/models/px4vision/meshes/iris_prop_ccw.dae -> /home/akshay/iiit_ws/install/darm/share/darm/models/px4vision/meshes
symbolically linking /home/akshay/iiit_ws/build/darm/models/px4vision/meshes/body.dae -> /home/akshay/iiit_ws/install/darm/share/darm/models/px4vision/meshes
symbolically linking /home/akshay/iiit_ws/build/darm/models/px4vision/meshes/iris_prop_cw.dae -> /home/akshay/iiit_ws/install/darm/share/darm/models/px4vision/meshes
creating /home/akshay/iiit_ws/install/darm/share/darm/models/px4vision/thumbnails
symbolically linking /home/akshay/iiit_ws/build/darm/models/px4vision/thumbnails/px4vision_diagonal.png -> /home/akshay/iiit_ws/install/darm/share/darm/models/px4vision/thumbnails
symbolically linking /home/akshay/iiit_ws/build/darm/models/px4vision/thumbnails/px4_vision_front.png -> /home/akshay/iiit_ws/install/darm/share/darm/models/px4vision/thumbnails
symbolically linking /home/akshay/iiit_ws/build/darm/models/px4vision/thumbnails/px4_vision_top.png -> /home/akshay/iiit_ws/install/darm/share/darm/models/px4vision/thumbnails
creating /home/akshay/iiit_ws/install/darm/share/darm/models/advanced_plane
symbolically linking /home/akshay/iiit_ws/build/darm/models/advanced_plane/model.sdf -> /home/akshay/iiit_ws/install/darm/share/darm/models/advanced_plane
symbolically linking /home/akshay/iiit_ws/build/darm/models/advanced_plane/model.config -> /home/akshay/iiit_ws/install/darm/share/darm/models/advanced_plane
creating /home/akshay/iiit_ws/install/darm/share/darm/models/rover_ackermann
symbolically linking /home/akshay/iiit_ws/build/darm/models/rover_ackermann/model.sdf -> /home/akshay/iiit_ws/install/darm/share/darm/models/rover_ackermann
symbolically linking /home/akshay/iiit_ws/build/darm/models/rover_ackermann/LICENSE -> /home/akshay/iiit_ws/install/darm/share/darm/models/rover_ackermann
symbolically linking /home/akshay/iiit_ws/build/darm/models/rover_ackermann/model.config -> /home/akshay/iiit_ws/install/darm/share/darm/models/rover_ackermann
creating /home/akshay/iiit_ws/install/darm/share/darm/models/rover_ackermann/meshes
symbolically linking /home/akshay/iiit_ws/build/darm/models/rover_ackermann/meshes/Wheel.dae -> /home/akshay/iiit_ws/install/darm/share/darm/models/rover_ackermann/meshes
symbolically linking /home/akshay/iiit_ws/build/darm/models/rover_ackermann/meshes/MainBody.dae -> /home/akshay/iiit_ws/install/darm/share/darm/models/rover_ackermann/meshes
creating /home/akshay/iiit_ws/install/darm/share/darm/models/helipad
symbolically linking /home/akshay/iiit_ws/build/darm/models/helipad/model.sdf -> /home/akshay/iiit_ws/install/darm/share/darm/models/helipad
symbolically linking /home/akshay/iiit_ws/build/darm/models/helipad/model.config -> /home/akshay/iiit_ws/install/darm/share/darm/models/helipad
symbolically linking /home/akshay/iiit_ws/build/darm/models/helipad/helipad.jpg -> /home/akshay/iiit_ws/install/darm/share/darm/models/helipad
creating /home/akshay/iiit_ws/install/darm/share/darm/models/omnicopter
symbolically linking /home/akshay/iiit_ws/build/darm/models/omnicopter/model.sdf -> /home/akshay/iiit_ws/install/darm/share/darm/models/omnicopter
symbolically linking /home/akshay/iiit_ws/build/darm/models/omnicopter/model.config -> /home/akshay/iiit_ws/install/darm/share/darm/models/omnicopter
creating /home/akshay/iiit_ws/install/darm/share/darm/models/omnicopter/meshes
symbolically linking /home/akshay/iiit_ws/build/darm/models/omnicopter/meshes/omnicopter.stl -> /home/akshay/iiit_ws/install/darm/share/darm/models/omnicopter/meshes
symbolically linking /home/akshay/iiit_ws/build/darm/models/omnicopter/meshes/iris_prop_ccw.dae -> /home/akshay/iiit_ws/install/darm/share/darm/models/omnicopter/meshes
symbolically linking /home/akshay/iiit_ws/build/darm/models/omnicopter/meshes/iris_prop_cw.dae -> /home/akshay/iiit_ws/install/darm/share/darm/models/omnicopter/meshes
creating /home/akshay/iiit_ws/install/darm/share/darm/models/omnicopter/thumbnails
symbolically linking /home/akshay/iiit_ws/build/darm/models/omnicopter/thumbnails/omnicopter.png -> /home/akshay/iiit_ws/install/darm/share/darm/models/omnicopter/thumbnails
creating /home/akshay/iiit_ws/install/darm/share/darm/models/atmos
symbolically linking /home/akshay/iiit_ws/build/darm/models/atmos/model.sdf -> /home/akshay/iiit_ws/install/darm/share/darm/models/atmos
creating /home/akshay/iiit_ws/install/darm/share/darm/models/x500_vision
symbolically linking /home/akshay/iiit_ws/build/darm/models/x500_vision/model.sdf -> /home/akshay/iiit_ws/install/darm/share/darm/models/x500_vision
symbolically linking /home/akshay/iiit_ws/build/darm/models/x500_vision/model.config -> /home/akshay/iiit_ws/install/darm/share/darm/models/x500_vision
creating /home/akshay/iiit_ws/install/darm/share/darm/models/uuv_bluerov2_heavy
symbolically linking /home/akshay/iiit_ws/build/darm/models/uuv_bluerov2_heavy/model.sdf -> /home/akshay/iiit_ws/install/darm/share/darm/models/uuv_bluerov2_heavy
symbolically linking /home/akshay/iiit_ws/build/darm/models/uuv_bluerov2_heavy/model.config -> /home/akshay/iiit_ws/install/darm/share/darm/models/uuv_bluerov2_heavy
creating /home/akshay/iiit_ws/install/darm/share/darm/models/uuv_bluerov2_heavy/meshes
symbolically linking /home/akshay/iiit_ws/build/darm/models/uuv_bluerov2_heavy/meshes/BlueROV2heavy.dae -> /home/akshay/iiit_ws/install/darm/share/darm/models/uuv_bluerov2_heavy/meshes
symbolically linking /home/akshay/iiit_ws/build/darm/models/uuv_bluerov2_heavy/meshes/prop.dae -> /home/akshay/iiit_ws/install/darm/share/darm/models/uuv_bluerov2_heavy/meshes
creating /home/akshay/iiit_ws/install/darm/share/darm/models/arucotag
symbolically linking /home/akshay/iiit_ws/build/darm/models/arucotag/model.sdf -> /home/akshay/iiit_ws/install/darm/share/darm/models/arucotag
symbolically linking /home/akshay/iiit_ws/build/darm/models/arucotag/model.config -> /home/akshay/iiit_ws/install/darm/share/darm/models/arucotag
symbolically linking /home/akshay/iiit_ws/build/darm/models/arucotag/arucotag.png -> /home/akshay/iiit_ws/install/darm/share/darm/models/arucotag
creating /home/akshay/iiit_ws/install/darm/share/darm/models/lidar_2d_v2
symbolically linking /home/akshay/iiit_ws/build/darm/models/lidar_2d_v2/model.sdf -> /home/akshay/iiit_ws/install/darm/share/darm/models/lidar_2d_v2
symbolically linking /home/akshay/iiit_ws/build/darm/models/lidar_2d_v2/model.config -> /home/akshay/iiit_ws/install/darm/share/darm/models/lidar_2d_v2
creating /home/akshay/iiit_ws/install/darm/share/darm/models/lidar_2d_v2/meshes
symbolically linking /home/akshay/iiit_ws/build/darm/models/lidar_2d_v2/meshes/lidar_2d_v2.jpg -> /home/akshay/iiit_ws/install/darm/share/darm/models/lidar_2d_v2/meshes
symbolically linking /home/akshay/iiit_ws/build/darm/models/lidar_2d_v2/meshes/lidar_2d_v2.dae -> /home/akshay/iiit_ws/install/darm/share/darm/models/lidar_2d_v2/meshes
creating /home/akshay/iiit_ws/install/darm/share/darm/models/lidar_2d_v2/thumbnails
symbolically linking /home/akshay/iiit_ws/build/darm/models/lidar_2d_v2/thumbnails/4.jpg -> /home/akshay/iiit_ws/install/darm/share/darm/models/lidar_2d_v2/thumbnails
symbolically linking /home/akshay/iiit_ws/build/darm/models/lidar_2d_v2/thumbnails/2.jpg -> /home/akshay/iiit_ws/install/darm/share/darm/models/lidar_2d_v2/thumbnails
symbolically linking /home/akshay/iiit_ws/build/darm/models/lidar_2d_v2/thumbnails/3.jpg -> /home/akshay/iiit_ws/install/darm/share/darm/models/lidar_2d_v2/thumbnails
symbolically linking /home/akshay/iiit_ws/build/darm/models/lidar_2d_v2/thumbnails/1.jpg -> /home/akshay/iiit_ws/install/darm/share/darm/models/lidar_2d_v2/thumbnails
symbolically linking /home/akshay/iiit_ws/build/darm/models/lidar_2d_v2/thumbnails/5.jpg -> /home/akshay/iiit_ws/install/darm/share/darm/models/lidar_2d_v2/thumbnails
creating /home/akshay/iiit_ws/install/darm/share/darm/models/x500_depth
symbolically linking /home/akshay/iiit_ws/build/darm/models/x500_depth/model.sdf -> /home/akshay/iiit_ws/install/darm/share/darm/models/x500_depth
symbolically linking /home/akshay/iiit_ws/build/darm/models/x500_depth/LICENSE -> /home/akshay/iiit_ws/install/darm/share/darm/models/x500_depth
symbolically linking /home/akshay/iiit_ws/build/darm/models/x500_depth/model.config -> /home/akshay/iiit_ws/install/darm/share/darm/models/x500_depth
creating /home/akshay/iiit_ws/install/darm/share/darm/models/x500_depth/thumbnails
symbolically linking /home/akshay/iiit_ws/build/darm/models/x500_depth/thumbnails/2.png -> /home/akshay/iiit_ws/install/darm/share/darm/models/x500_depth/thumbnails
symbolically linking /home/akshay/iiit_ws/build/darm/models/x500_depth/thumbnails/3.png -> /home/akshay/iiit_ws/install/darm/share/darm/models/x500_depth/thumbnails
symbolically linking /home/akshay/iiit_ws/build/darm/models/x500_depth/thumbnails/4.png -> /home/akshay/iiit_ws/install/darm/share/darm/models/x500_depth/thumbnails
symbolically linking /home/akshay/iiit_ws/build/darm/models/x500_depth/thumbnails/5.png -> /home/akshay/iiit_ws/install/darm/share/darm/models/x500_depth/thumbnails
symbolically linking /home/akshay/iiit_ws/build/darm/models/x500_depth/thumbnails/1.png -> /home/akshay/iiit_ws/install/darm/share/darm/models/x500_depth/thumbnails
creating /home/akshay/iiit_ws/install/darm/share/darm/models/x500_lidar_front
symbolically linking /home/akshay/iiit_ws/build/darm/models/x500_lidar_front/model.sdf -> /home/akshay/iiit_ws/install/darm/share/darm/models/x500_lidar_front
symbolically linking /home/akshay/iiit_ws/build/darm/models/x500_lidar_front/model.config -> /home/akshay/iiit_ws/install/darm/share/darm/models/x500_lidar_front
creating /home/akshay/iiit_ws/install/darm/share/darm/models/x500_lidar_down
symbolically linking /home/akshay/iiit_ws/build/darm/models/x500_lidar_down/model.sdf -> /home/akshay/iiit_ws/install/darm/share/darm/models/x500_lidar_down
symbolically linking /home/akshay/iiit_ws/build/darm/models/x500_lidar_down/model.config -> /home/akshay/iiit_ws/install/darm/share/darm/models/x500_lidar_down
creating /home/akshay/iiit_ws/install/darm/share/darm/models/x500_base
symbolically linking /home/akshay/iiit_ws/build/darm/models/x500_base/model.sdf -> /home/akshay/iiit_ws/install/darm/share/darm/models/x500_base
symbolically linking /home/akshay/iiit_ws/build/darm/models/x500_base/LICENSE -> /home/akshay/iiit_ws/install/darm/share/darm/models/x500_base
symbolically linking /home/akshay/iiit_ws/build/darm/models/x500_base/model.config -> /home/akshay/iiit_ws/install/darm/share/darm/models/x500_base
creating /home/akshay/iiit_ws/install/darm/share/darm/models/x500_base/meshes
symbolically linking /home/akshay/iiit_ws/build/darm/models/x500_base/meshes/1345_prop_ccw.stl -> /home/akshay/iiit_ws/install/darm/share/darm/models/x500_base/meshes
symbolically linking /home/akshay/iiit_ws/build/darm/models/x500_base/meshes/CF.png -> /home/akshay/iiit_ws/install/darm/share/darm/models/x500_base/meshes
symbolically linking /home/akshay/iiit_ws/build/darm/models/x500_base/meshes/NXP-HGD-CF.dae -> /home/akshay/iiit_ws/install/darm/share/darm/models/x500_base/meshes
symbolically linking /home/akshay/iiit_ws/build/darm/models/x500_base/meshes/1345_prop_cw.stl -> /home/akshay/iiit_ws/install/darm/share/darm/models/x500_base/meshes
symbolically linking /home/akshay/iiit_ws/build/darm/models/x500_base/meshes/5010Bell.dae -> /home/akshay/iiit_ws/install/darm/share/darm/models/x500_base/meshes
symbolically linking /home/akshay/iiit_ws/build/darm/models/x500_base/meshes/5010Base.dae -> /home/akshay/iiit_ws/install/darm/share/darm/models/x500_base/meshes
creating /home/akshay/iiit_ws/install/darm/share/darm/models/x500_base/materials
creating /home/akshay/iiit_ws/install/darm/share/darm/models/x500_base/materials/textures
symbolically linking /home/akshay/iiit_ws/build/darm/models/x500_base/materials/textures/nxp.png -> /home/akshay/iiit_ws/install/darm/share/darm/models/x500_base/materials/textures
symbolically linking /home/akshay/iiit_ws/build/darm/models/x500_base/materials/textures/CF.png -> /home/akshay/iiit_ws/install/darm/share/darm/models/x500_base/materials/textures
symbolically linking /home/akshay/iiit_ws/build/darm/models/x500_base/materials/textures/rd.png -> /home/akshay/iiit_ws/install/darm/share/darm/models/x500_base/materials/textures
creating /home/akshay/iiit_ws/install/darm/share/darm/models/x500_base/thumbnails
symbolically linking /home/akshay/iiit_ws/build/darm/models/x500_base/thumbnails/2.png -> /home/akshay/iiit_ws/install/darm/share/darm/models/x500_base/thumbnails
symbolically linking /home/akshay/iiit_ws/build/darm/models/x500_base/thumbnails/3.png -> /home/akshay/iiit_ws/install/darm/share/darm/models/x500_base/thumbnails
symbolically linking /home/akshay/iiit_ws/build/darm/models/x500_base/thumbnails/4.png -> /home/akshay/iiit_ws/install/darm/share/darm/models/x500_base/thumbnails
symbolically linking /home/akshay/iiit_ws/build/darm/models/x500_base/thumbnails/5.png -> /home/akshay/iiit_ws/install/darm/share/darm/models/x500_base/thumbnails
symbolically linking /home/akshay/iiit_ws/build/darm/models/x500_base/thumbnails/1.png -> /home/akshay/iiit_ws/install/darm/share/darm/models/x500_base/thumbnails
creating /home/akshay/iiit_ws/install/darm/share/darm/models/x500
symbolically linking /home/akshay/iiit_ws/build/darm/models/x500/model.sdf -> /home/akshay/iiit_ws/install/darm/share/darm/models/x500
symbolically linking /home/akshay/iiit_ws/build/darm/models/x500/LICENSE -> /home/akshay/iiit_ws/install/darm/share/darm/models/x500
symbolically linking /home/akshay/iiit_ws/build/darm/models/x500/model.config -> /home/akshay/iiit_ws/install/darm/share/darm/models/x500
creating /home/akshay/iiit_ws/install/darm/share/darm/models/x500/thumbnails
symbolically linking /home/akshay/iiit_ws/build/darm/models/x500/thumbnails/2.png -> /home/akshay/iiit_ws/install/darm/share/darm/models/x500/thumbnails
symbolically linking /home/akshay/iiit_ws/build/darm/models/x500/thumbnails/3.png -> /home/akshay/iiit_ws/install/darm/share/darm/models/x500/thumbnails
symbolically linking /home/akshay/iiit_ws/build/darm/models/x500/thumbnails/4.png -> /home/akshay/iiit_ws/install/darm/share/darm/models/x500/thumbnails
symbolically linking /home/akshay/iiit_ws/build/darm/models/x500/thumbnails/5.png -> /home/akshay/iiit_ws/install/darm/share/darm/models/x500/thumbnails
symbolically linking /home/akshay/iiit_ws/build/darm/models/x500/thumbnails/1.png -> /home/akshay/iiit_ws/install/darm/share/darm/models/x500/thumbnails
creating /home/akshay/iiit_ws/install/darm/share/darm/models/x500_flow
symbolically linking /home/akshay/iiit_ws/build/darm/models/x500_flow/model.sdf -> /home/akshay/iiit_ws/install/darm/share/darm/models/x500_flow
symbolically linking /home/akshay/iiit_ws/build/darm/models/x500_flow/model.config -> /home/akshay/iiit_ws/install/darm/share/darm/models/x500_flow
creating /home/akshay/iiit_ws/install/darm/share/darm/models/rover_differential
symbolically linking /home/akshay/iiit_ws/build/darm/models/rover_differential/model.sdf -> /home/akshay/iiit_ws/install/darm/share/darm/models/rover_differential
symbolically linking /home/akshay/iiit_ws/build/darm/models/rover_differential/model.config -> /home/akshay/iiit_ws/install/darm/share/darm/models/rover_differential
creating /home/akshay/iiit_ws/install/darm/share/darm/models/rover_differential/meshes
symbolically linking /home/akshay/iiit_ws/build/darm/models/rover_differential/meshes/rover_differential_wheel.dae -> /home/akshay/iiit_ws/install/darm/share/darm/models/rover_differential/meshes
symbolically linking /home/akshay/iiit_ws/build/darm/models/rover_differential/meshes/rover_differential_base.dae -> /home/akshay/iiit_ws/install/darm/share/darm/models/rover_differential/meshes
creating /home/akshay/iiit_ws/install/darm/share/darm/models/quadtailsitter
symbolically linking /home/akshay/iiit_ws/build/darm/models/quadtailsitter/model.sdf -> /home/akshay/iiit_ws/install/darm/share/darm/models/quadtailsitter
symbolically linking /home/akshay/iiit_ws/build/darm/models/quadtailsitter/model.config -> /home/akshay/iiit_ws/install/darm/share/darm/models/quadtailsitter
creating /home/akshay/iiit_ws/install/darm/share/darm/models/quadtailsitter/meshes
symbolically linking /home/akshay/iiit_ws/build/darm/models/quadtailsitter/meshes/iris_prop_ccw.dae -> /home/akshay/iiit_ws/install/darm/share/darm/models/quadtailsitter/meshes
symbolically linking /home/akshay/iiit_ws/build/darm/models/quadtailsitter/meshes/body.dae -> /home/akshay/iiit_ws/install/darm/share/darm/models/quadtailsitter/meshes
symbolically linking /home/akshay/iiit_ws/build/darm/models/quadtailsitter/meshes/iris_prop_cw.dae -> /home/akshay/iiit_ws/install/darm/share/darm/models/quadtailsitter/meshes
creating /home/akshay/iiit_ws/install/darm/share/darm/models/mono_cam
symbolically linking /home/akshay/iiit_ws/build/darm/models/mono_cam/model.sdf -> /home/akshay/iiit_ws/install/darm/share/darm/models/mono_cam
symbolically linking /home/akshay/iiit_ws/build/darm/models/mono_cam/model.config -> /home/akshay/iiit_ws/install/darm/share/darm/models/mono_cam
creating /home/akshay/iiit_ws/install/darm/share/darm/models/x500_mono_cam
symbolically linking /home/akshay/iiit_ws/build/darm/models/x500_mono_cam/model.sdf -> /home/akshay/iiit_ws/install/darm/share/darm/models/x500_mono_cam
symbolically linking /home/akshay/iiit_ws/build/darm/models/x500_mono_cam/model.config -> /home/akshay/iiit_ws/install/darm/share/darm/models/x500_mono_cam
