running develop
running egg_info
writing darm.egg-info/PKG-INFO
writing dependency_links to darm.egg-info/dependency_links.txt
writing entry points to darm.egg-info/entry_points.txt
writing requirements to darm.egg-info/requires.txt
writing top-level names to darm.egg-info/top_level.txt
reading manifest file 'darm.egg-info/SOURCES.txt'
writing manifest file 'darm.egg-info/SOURCES.txt'
running build_ext
Creating /home/akshay/iiit_ws/install/darm/lib/python3.10/site-packages/darm.egg-link (link to .)

Installed /home/akshay/iiit_ws/build/darm
running symlink_data
creating /home/akshay/iiit_ws/install/darm/share/darm/urdf
creating /home/akshay/iiit_ws/install/darm/share/darm/urdf/x500_base
symbolically linking /home/akshay/iiit_ws/build/darm/urdf/x500_base/model.xacro -> /home/akshay/iiit_ws/install/darm/share/darm/urdf/x500_base
symbolically linking /home/akshay/iiit_ws/build/darm/urdf/x500_base/robot.urdf.xacro -> /home/akshay/iiit_ws/install/darm/share/darm/urdf/x500_base
creating /home/akshay/iiit_ws/install/darm/share/darm/urdf/x500_base/meshes
symbolically linking /home/akshay/iiit_ws/build/darm/urdf/x500_base/meshes/1345_prop_ccw.stl -> /home/akshay/iiit_ws/install/darm/share/darm/urdf/x500_base/meshes
symbolically linking /home/akshay/iiit_ws/build/darm/urdf/x500_base/meshes/CF.png -> /home/akshay/iiit_ws/install/darm/share/darm/urdf/x500_base/meshes
symbolically linking /home/akshay/iiit_ws/build/darm/urdf/x500_base/meshes/NXP-HGD-CF.dae -> /home/akshay/iiit_ws/install/darm/share/darm/urdf/x500_base/meshes
symbolically linking /home/akshay/iiit_ws/build/darm/urdf/x500_base/meshes/1345_prop_cw.stl -> /home/akshay/iiit_ws/install/darm/share/darm/urdf/x500_base/meshes
symbolically linking /home/akshay/iiit_ws/build/darm/urdf/x500_base/meshes/5010Bell.dae -> /home/akshay/iiit_ws/install/darm/share/darm/urdf/x500_base/meshes
symbolically linking /home/akshay/iiit_ws/build/darm/urdf/x500_base/meshes/5010Base.dae -> /home/akshay/iiit_ws/install/darm/share/darm/urdf/x500_base/meshes
creating /home/akshay/iiit_ws/install/darm/share/darm/urdf/x500_base/materials
creating /home/akshay/iiit_ws/install/darm/share/darm/urdf/x500_base/materials/textures
symbolically linking /home/akshay/iiit_ws/build/darm/urdf/x500_base/materials/textures/nxp.png -> /home/akshay/iiit_ws/install/darm/share/darm/urdf/x500_base/materials/textures
symbolically linking /home/akshay/iiit_ws/build/darm/urdf/x500_base/materials/textures/CF.png -> /home/akshay/iiit_ws/install/darm/share/darm/urdf/x500_base/materials/textures
symbolically linking /home/akshay/iiit_ws/build/darm/urdf/x500_base/materials/textures/rd.png -> /home/akshay/iiit_ws/install/darm/share/darm/urdf/x500_base/materials/textures
