[0.590s] Invoking command in '/home/akshay/iiit_ws/build/darm': CMAKE_PREFIX_PATH=/home/akshay/iiit_ws/install/px4_msgs:/home/akshay/iiit_ws/install/px4_ros_com LD_LIBRARY_PATH=/home/akshay/iiit_ws/install/px4_msgs/lib:/home/akshay/iiit_ws/install/px4_ros_com/lib:/opt/ros/humble/opt/rviz_ogre_vendor/lib:/opt/ros/humble/lib/x86_64-linux-gnu:/opt/ros/humble/lib PYTHONPATH=/home/akshay/iiit_ws/build/darm/prefix_override:/usr/lib/python3/dist-packages/colcon_core/task/python/colcon_distutils_commands:/home/akshay/iiit_ws/install/darm/lib/python3.10/site-packages:${PYTHONPATH} /usr/bin/python3 -W ignore:setup.py install is deprecated -W ignore:easy_install command is deprecated setup.py develop --editable --build-directory /home/akshay/iiit_ws/build/darm/build --no-deps symlink_data
[0.824s] running develop
[0.959s] running egg_info
[0.959s] writing darm.egg-info/PKG-INFO
[0.959s] writing dependency_links to darm.egg-info/dependency_links.txt
[0.960s] writing entry points to darm.egg-info/entry_points.txt
[0.960s] writing requirements to darm.egg-info/requires.txt
[0.960s] writing top-level names to darm.egg-info/top_level.txt
[0.962s] reading manifest file 'darm.egg-info/SOURCES.txt'
[0.965s] writing manifest file 'darm.egg-info/SOURCES.txt'
[0.966s] running build_ext
[0.966s] Creating /home/akshay/iiit_ws/install/darm/lib/python3.10/site-packages/darm.egg-link (link to .)
[0.967s] 
[0.967s] Installed /home/akshay/iiit_ws/build/darm
[0.967s] running symlink_data
[0.973s] creating /home/akshay/iiit_ws/install/darm/share/darm/urdf
[0.973s] creating /home/akshay/iiit_ws/install/darm/share/darm/urdf/x500_base
[0.973s] symbolically linking /home/akshay/iiit_ws/build/darm/urdf/x500_base/model.xacro -> /home/akshay/iiit_ws/install/darm/share/darm/urdf/x500_base
[0.973s] symbolically linking /home/akshay/iiit_ws/build/darm/urdf/x500_base/robot.urdf.xacro -> /home/akshay/iiit_ws/install/darm/share/darm/urdf/x500_base
[0.973s] creating /home/akshay/iiit_ws/install/darm/share/darm/urdf/x500_base/meshes
[0.973s] symbolically linking /home/akshay/iiit_ws/build/darm/urdf/x500_base/meshes/1345_prop_ccw.stl -> /home/akshay/iiit_ws/install/darm/share/darm/urdf/x500_base/meshes
[0.974s] symbolically linking /home/akshay/iiit_ws/build/darm/urdf/x500_base/meshes/CF.png -> /home/akshay/iiit_ws/install/darm/share/darm/urdf/x500_base/meshes
[0.974s] symbolically linking /home/akshay/iiit_ws/build/darm/urdf/x500_base/meshes/NXP-HGD-CF.dae -> /home/akshay/iiit_ws/install/darm/share/darm/urdf/x500_base/meshes
[0.974s] symbolically linking /home/akshay/iiit_ws/build/darm/urdf/x500_base/meshes/1345_prop_cw.stl -> /home/akshay/iiit_ws/install/darm/share/darm/urdf/x500_base/meshes
[0.974s] symbolically linking /home/akshay/iiit_ws/build/darm/urdf/x500_base/meshes/5010Bell.dae -> /home/akshay/iiit_ws/install/darm/share/darm/urdf/x500_base/meshes
[0.974s] symbolically linking /home/akshay/iiit_ws/build/darm/urdf/x500_base/meshes/5010Base.dae -> /home/akshay/iiit_ws/install/darm/share/darm/urdf/x500_base/meshes
[0.974s] creating /home/akshay/iiit_ws/install/darm/share/darm/urdf/x500_base/materials
[0.974s] creating /home/akshay/iiit_ws/install/darm/share/darm/urdf/x500_base/materials/textures
[0.974s] symbolically linking /home/akshay/iiit_ws/build/darm/urdf/x500_base/materials/textures/nxp.png -> /home/akshay/iiit_ws/install/darm/share/darm/urdf/x500_base/materials/textures
[0.974s] symbolically linking /home/akshay/iiit_ws/build/darm/urdf/x500_base/materials/textures/CF.png -> /home/akshay/iiit_ws/install/darm/share/darm/urdf/x500_base/materials/textures
[0.974s] symbolically linking /home/akshay/iiit_ws/build/darm/urdf/x500_base/materials/textures/rd.png -> /home/akshay/iiit_ws/install/darm/share/darm/urdf/x500_base/materials/textures
[1.003s] Invoked command in '/home/akshay/iiit_ws/build/darm' returned '0': CMAKE_PREFIX_PATH=/home/akshay/iiit_ws/install/px4_msgs:/home/akshay/iiit_ws/install/px4_ros_com LD_LIBRARY_PATH=/home/akshay/iiit_ws/install/px4_msgs/lib:/home/akshay/iiit_ws/install/px4_ros_com/lib:/opt/ros/humble/opt/rviz_ogre_vendor/lib:/opt/ros/humble/lib/x86_64-linux-gnu:/opt/ros/humble/lib PYTHONPATH=/home/akshay/iiit_ws/build/darm/prefix_override:/usr/lib/python3/dist-packages/colcon_core/task/python/colcon_distutils_commands:/home/akshay/iiit_ws/install/darm/lib/python3.10/site-packages:${PYTHONPATH} /usr/bin/python3 -W ignore:setup.py install is deprecated -W ignore:easy_install command is deprecated setup.py develop --editable --build-directory /home/akshay/iiit_ws/build/darm/build --no-deps symlink_data
