[0.583s] Invoking command in '/home/akshay/iiit_ws/build/darm': CMAKE_PREFIX_PATH=/home/akshay/iiit_ws/install/px4_msgs:/home/akshay/iiit_ws/install/px4_ros_com LD_LIBRARY_PATH=/home/akshay/iiit_ws/install/px4_msgs/lib:/home/akshay/iiit_ws/install/px4_ros_com/lib:/opt/ros/humble/opt/rviz_ogre_vendor/lib:/opt/ros/humble/lib/x86_64-linux-gnu:/opt/ros/humble/lib PYTHONPATH=/home/akshay/iiit_ws/build/darm/prefix_override:/usr/lib/python3/dist-packages/colcon_core/task/python/colcon_distutils_commands:/home/akshay/iiit_ws/install/darm/lib/python3.10/site-packages:${PYTHONPATH} /usr/bin/python3 -W ignore:setup.py install is deprecated -W ignore:easy_install command is deprecated setup.py develop --editable --build-directory /home/akshay/iiit_ws/build/darm/build --no-deps symlink_data
[0.787s] running develop
[0.908s] running egg_info
[0.908s] writing darm.egg-info/PKG-INFO
[0.908s] writing dependency_links to darm.egg-info/dependency_links.txt
[0.908s] writing entry points to darm.egg-info/entry_points.txt
[0.909s] writing requirements to darm.egg-info/requires.txt
[0.909s] writing top-level names to darm.egg-info/top_level.txt
[0.910s] reading manifest file 'darm.egg-info/SOURCES.txt'
[0.911s] writing manifest file 'darm.egg-info/SOURCES.txt'
[0.912s] running build_ext
[0.913s] Creating /home/akshay/iiit_ws/install/darm/lib/python3.10/site-packages/darm.egg-link (link to .)
[0.913s] 
[0.913s] Installed /home/akshay/iiit_ws/build/darm
[0.913s] running symlink_data
[0.913s] creating /home/akshay/iiit_ws/install/darm/share/darm/launch
[0.913s] symbolically linking /home/akshay/iiit_ws/build/darm/launch/simple.launch.py -> /home/akshay/iiit_ws/install/darm/share/darm/launch
[0.913s] symbolically linking /home/akshay/iiit_ws/build/darm/launch/trial.launch.py -> /home/akshay/iiit_ws/install/darm/share/darm/launch
[0.913s] creating /home/akshay/iiit_ws/install/darm/share/darm/config
[0.913s] symbolically linking /home/akshay/iiit_ws/build/darm/config/arm_control.yaml -> /home/akshay/iiit_ws/install/darm/share/darm/config
[0.914s] creating /home/akshay/iiit_ws/install/darm/share/darm/models
[0.914s] symbolically linking /home/akshay/iiit_ws/build/darm/models/OakD-Lite/model.config -> /home/akshay/iiit_ws/install/darm/share/darm/models
[0.914s] symbolically linking /home/akshay/iiit_ws/build/darm/models/OakD-Lite/model.sdf -> /home/akshay/iiit_ws/install/darm/share/darm/models
[0.915s] symbolically linking /home/akshay/iiit_ws/build/darm/models/x500_base/model.sdf -> /home/akshay/iiit_ws/install/darm/share/darm/models
[0.915s] error: [Errno 17] File exists: '/home/akshay/iiit_ws/build/darm/models/x500_base/model.sdf' -> '/home/akshay/iiit_ws/install/darm/share/darm/models/model.sdf'
[0.942s] Invoked command in '/home/akshay/iiit_ws/build/darm' returned '1': CMAKE_PREFIX_PATH=/home/akshay/iiit_ws/install/px4_msgs:/home/akshay/iiit_ws/install/px4_ros_com LD_LIBRARY_PATH=/home/akshay/iiit_ws/install/px4_msgs/lib:/home/akshay/iiit_ws/install/px4_ros_com/lib:/opt/ros/humble/opt/rviz_ogre_vendor/lib:/opt/ros/humble/lib/x86_64-linux-gnu:/opt/ros/humble/lib PYTHONPATH=/home/akshay/iiit_ws/build/darm/prefix_override:/usr/lib/python3/dist-packages/colcon_core/task/python/colcon_distutils_commands:/home/akshay/iiit_ws/install/darm/lib/python3.10/site-packages:${PYTHONPATH} /usr/bin/python3 -W ignore:setup.py install is deprecated -W ignore:easy_install command is deprecated setup.py develop --editable --build-directory /home/akshay/iiit_ws/build/darm/build --no-deps symlink_data
